<?xml version="1.0" encoding="UTF-8"?>
<!-- Generated by org.testng.reporters.JUnitReportReporter -->
<testsuite hostname="DESKTOP-M6SQ5AU" failures="0" tests="1" name="Pages.LazadaHomePage" time="16.656" errors="0" timestamp="2021-02-25T23:55:26 IST" skipped="0">
  <testcase classname="Pages.LazadaHomePage" name="navigateToURL" time="16.656"/>
  <system-out/>
</testsuite> <!-- Pages.LazadaHomePage -->
